<?xml version="1.0" encoding="UTF-8"?>
<testsuite name="ComputerRepairRequestTest" tests="2" skipped="0" failures="0" errors="0" timestamp="2025-03-03T08:58:07" hostname="TUDOR" time="0.024">
  <properties/>
  <testcase name="First Test" classname="ComputerRepairRequestTest" time="0.021"/>
  <testcase name="Second Test" classname="ComputerRepairRequestTest" time="0.002"/>
  <system-out><![CDATA[]]></system-out>
  <system-err><![CDATA[]]></system-err>
</testsuite>
